<?xml version="1.0" encoding="UTF-8"?>
<testng-results skipped="0" failed="0" ignored="0" total="2" passed="2">
  <reporter-output>
  </reporter-output>
  <suite name="Suite" duration-ms="310082" started-at="2020-03-29T21:10:43 IST" finished-at="2020-03-29T21:15:53 IST">
    <groups>
    </groups>
    <test name="Test" duration-ms="310082" started-at="2020-03-29T21:10:43 IST" finished-at="2020-03-29T21:15:53 IST">
      <class name="ownProject.AppiumProject.EcommerceLogin">
        <test-method status="PASS" signature="killExistingProcess()[pri:0, instance:ownProject.AppiumProject.EcommerceLogin@64729b1e]" name="killExistingProcess" is-config="true" duration-ms="5029" started-at="2020-03-29T21:10:43 IST" finished-at="2020-03-29T21:10:48 IST">
          <reporter-output>
          </reporter-output>
        </test-method> <!-- killExistingProcess -->
        <test-method status="PASS" signature="testLogin()[pri:0, instance:ownProject.AppiumProject.EcommerceLogin@64729b1e]" name="testLogin" duration-ms="188885" started-at="2020-03-29T21:10:48 IST" finished-at="2020-03-29T21:13:57 IST">
          <reporter-output>
          </reporter-output>
        </test-method> <!-- testLogin -->
        <test-method status="PASS" signature="killExistingProcess()[pri:0, instance:ownProject.AppiumProject.EcommerceLogin@64729b1e]" name="killExistingProcess" is-config="true" duration-ms="5150" started-at="2020-03-29T21:13:57 IST" finished-at="2020-03-29T21:14:02 IST">
          <reporter-output>
          </reporter-output>
        </test-method> <!-- killExistingProcess -->
        <test-method status="PASS" signature="testLoginError()[pri:0, instance:ownProject.AppiumProject.EcommerceLogin@64729b1e]" name="testLoginError" duration-ms="110955" started-at="2020-03-29T21:14:02 IST" finished-at="2020-03-29T21:15:53 IST">
          <reporter-output>
          </reporter-output>
        </test-method> <!-- testLoginError -->
      </class> <!-- ownProject.AppiumProject.EcommerceLogin -->
    </test> <!-- Test -->
  </suite> <!-- Suite -->
</testng-results>
